[debug] [2024-06-01T15:23:54.939Z] ----------------------------------------------------------------------
[debug] [2024-06-01T15:23:54.940Z] Command:       /Users/chosunghwa/.nvm/versions/node/v18.17.0/bin/node /Users/chosunghwa/.nvm/versions/node/v16.18.0/bin/firebase deploy
[debug] [2024-06-01T15:23:54.940Z] CLI Version:   13.9.0
[debug] [2024-06-01T15:23:54.940Z] Platform:      darwin
[debug] [2024-06-01T15:23:54.940Z] Node Version:  v18.17.0
[debug] [2024-06-01T15:23:54.941Z] Time:          Sun Jun 02 2024 00:23:54 GMT+0900 (Japan Standard Time)
[debug] [2024-06-01T15:23:54.941Z] ----------------------------------------------------------------------
[debug] 
[debug] [2024-06-01T15:23:54.942Z] >>> [apiv2][query] GET https://firebase-public.firebaseio.com/cli.json [none]
[debug] [2024-06-01T15:23:54.987Z] > command requires scopes: ["email","openid","https://www.googleapis.com/auth/cloudplatformprojects.readonly","https://www.googleapis.com/auth/firebase","https://www.googleapis.com/auth/cloud-platform"]
[debug] [2024-06-01T15:23:54.987Z] > authorizing via signed-in user (firebase.sung@gmail.com)
[debug] [2024-06-01T15:23:54.987Z] [iam] checking project deep-stream-ksc for permissions ["datastore.indexes.create","datastore.indexes.delete","datastore.indexes.list","datastore.indexes.update","firebase.projects.get","firebasehosting.sites.update"]
[debug] [2024-06-01T15:23:54.988Z] > refreshing access token with scopes: []
[debug] [2024-06-01T15:23:54.988Z] >>> [apiv2][query] POST https://www.googleapis.com/oauth2/v3/token [none]
[debug] [2024-06-01T15:23:54.988Z] >>> [apiv2][body] POST https://www.googleapis.com/oauth2/v3/token [omitted]
[debug] [2024-06-01T15:23:55.167Z] <<< [apiv2][status] POST https://www.googleapis.com/oauth2/v3/token 200
[debug] [2024-06-01T15:23:55.167Z] <<< [apiv2][body] POST https://www.googleapis.com/oauth2/v3/token [omitted]
[debug] [2024-06-01T15:23:55.178Z] >>> [apiv2][query] POST https://cloudresourcemanager.googleapis.com/v1/projects/deep-stream-ksc:testIamPermissions [none]
[debug] [2024-06-01T15:23:55.178Z] >>> [apiv2][(partial)header] POST https://cloudresourcemanager.googleapis.com/v1/projects/deep-stream-ksc:testIamPermissions x-goog-quota-user=projects/deep-stream-ksc
[debug] [2024-06-01T15:23:55.178Z] >>> [apiv2][body] POST https://cloudresourcemanager.googleapis.com/v1/projects/deep-stream-ksc:testIamPermissions {"permissions":["datastore.indexes.create","datastore.indexes.delete","datastore.indexes.list","datastore.indexes.update","firebase.projects.get","firebasehosting.sites.update"]}
[debug] [2024-06-01T15:23:55.343Z] <<< [apiv2][status] GET https://firebase-public.firebaseio.com/cli.json 200
[debug] [2024-06-01T15:23:55.343Z] <<< [apiv2][body] GET https://firebase-public.firebaseio.com/cli.json {"cloudBuildErrorAfter":1594252800000,"cloudBuildWarnAfter":1590019200000,"defaultNode10After":1594252800000,"minVersion":"3.0.5","node8DeploysDisabledAfter":1613390400000,"node8RuntimeDisabledAfter":1615809600000,"node8WarnAfter":1600128000000}
[debug] [2024-06-01T15:23:56.114Z] <<< [apiv2][status] POST https://cloudresourcemanager.googleapis.com/v1/projects/deep-stream-ksc:testIamPermissions 200
[debug] [2024-06-01T15:23:56.114Z] <<< [apiv2][body] POST https://cloudresourcemanager.googleapis.com/v1/projects/deep-stream-ksc:testIamPermissions {}
[debug] [2024-06-01T15:23:56.114Z] [iam] error while checking permissions, command may fail: FirebaseError: Authorization failed. This account is missing the following required permissions on project deep-stream-ksc:

  datastore.indexes.create
  datastore.indexes.delete
  datastore.indexes.list
  datastore.indexes.update
  firebase.projects.get
  firebasehosting.sites.update
[debug] [2024-06-01T15:23:56.115Z] >>> [apiv2][query] GET https://firebase.googleapis.com/v1beta1/projects/deep-stream-ksc [none]
[debug] [2024-06-01T15:23:56.490Z] <<< [apiv2][status] GET https://firebase.googleapis.com/v1beta1/projects/deep-stream-ksc 403
[debug] [2024-06-01T15:23:56.491Z] <<< [apiv2][body] GET https://firebase.googleapis.com/v1beta1/projects/deep-stream-ksc {"error":{"code":403,"message":"The caller does not have permission","status":"PERMISSION_DENIED"}}
[debug] [2024-06-01T15:23:56.492Z] HTTP Error: 403, The caller does not have permission
[error] 
[error] Error: Assertion failed: resolving hosting target of a site with no site name or target name. This should have caused an error earlier
[debug] [2024-06-01T15:26:25.392Z] ----------------------------------------------------------------------
[debug] [2024-06-01T15:26:25.393Z] Command:       /Users/chosunghwa/.nvm/versions/node/v18.17.0/bin/node /Users/chosunghwa/.nvm/versions/node/v16.18.0/bin/firebase deploy
[debug] [2024-06-01T15:26:25.393Z] CLI Version:   13.9.0
[debug] [2024-06-01T15:26:25.393Z] Platform:      darwin
[debug] [2024-06-01T15:26:25.393Z] Node Version:  v18.17.0
[debug] [2024-06-01T15:26:25.397Z] Time:          Sun Jun 02 2024 00:26:25 GMT+0900 (Japan Standard Time)
[debug] [2024-06-01T15:26:25.397Z] ----------------------------------------------------------------------
[debug] 
[debug] [2024-06-01T15:26:25.424Z] > command requires scopes: ["email","openid","https://www.googleapis.com/auth/cloudplatformprojects.readonly","https://www.googleapis.com/auth/firebase","https://www.googleapis.com/auth/cloud-platform"]
[debug] [2024-06-01T15:26:25.425Z] > authorizing via signed-in user (firebase.sung@gmail.com)
[debug] [2024-06-01T15:26:25.425Z] [iam] checking project deep-stream-ksc for permissions ["datastore.indexes.create","datastore.indexes.delete","datastore.indexes.list","datastore.indexes.update","firebase.projects.get","firebasehosting.sites.update"]
[debug] [2024-06-01T15:26:25.425Z] >>> [apiv2][query] POST https://cloudresourcemanager.googleapis.com/v1/projects/deep-stream-ksc:testIamPermissions [none]
[debug] [2024-06-01T15:26:25.425Z] >>> [apiv2][(partial)header] POST https://cloudresourcemanager.googleapis.com/v1/projects/deep-stream-ksc:testIamPermissions x-goog-quota-user=projects/deep-stream-ksc
[debug] [2024-06-01T15:26:25.426Z] >>> [apiv2][body] POST https://cloudresourcemanager.googleapis.com/v1/projects/deep-stream-ksc:testIamPermissions {"permissions":["datastore.indexes.create","datastore.indexes.delete","datastore.indexes.list","datastore.indexes.update","firebase.projects.get","firebasehosting.sites.update"]}
[debug] [2024-06-01T15:26:26.414Z] <<< [apiv2][status] POST https://cloudresourcemanager.googleapis.com/v1/projects/deep-stream-ksc:testIamPermissions 200
[debug] [2024-06-01T15:26:26.415Z] <<< [apiv2][body] POST https://cloudresourcemanager.googleapis.com/v1/projects/deep-stream-ksc:testIamPermissions {}
[debug] [2024-06-01T15:26:26.415Z] [iam] error while checking permissions, command may fail: FirebaseError: Authorization failed. This account is missing the following required permissions on project deep-stream-ksc:

  datastore.indexes.create
  datastore.indexes.delete
  datastore.indexes.list
  datastore.indexes.update
  firebase.projects.get
  firebasehosting.sites.update
[debug] [2024-06-01T15:26:26.415Z] >>> [apiv2][query] GET https://firebase.googleapis.com/v1beta1/projects/deep-stream-ksc [none]
[debug] [2024-06-01T15:26:26.812Z] <<< [apiv2][status] GET https://firebase.googleapis.com/v1beta1/projects/deep-stream-ksc 403
[debug] [2024-06-01T15:26:26.812Z] <<< [apiv2][body] GET https://firebase.googleapis.com/v1beta1/projects/deep-stream-ksc {"error":{"code":403,"message":"The caller does not have permission","status":"PERMISSION_DENIED"}}
[debug] [2024-06-01T15:26:26.813Z] HTTP Error: 403, The caller does not have permission
[error] 
[error] Error: Assertion failed: resolving hosting target of a site with no site name or target name. This should have caused an error earlier
[debug] [2024-06-01T15:26:49.834Z] ----------------------------------------------------------------------
[debug] [2024-06-01T15:26:49.835Z] Command:       /Users/chosunghwa/.nvm/versions/node/v18.17.0/bin/node /Users/chosunghwa/.nvm/versions/node/v16.18.0/bin/firebase login --reauth
[debug] [2024-06-01T15:26:49.835Z] CLI Version:   13.9.0
[debug] [2024-06-01T15:26:49.835Z] Platform:      darwin
[debug] [2024-06-01T15:26:49.836Z] Node Version:  v18.17.0
[debug] [2024-06-01T15:26:49.840Z] Time:          Sun Jun 02 2024 00:26:49 GMT+0900 (Japan Standard Time)
[debug] [2024-06-01T15:26:49.840Z] ----------------------------------------------------------------------
[debug] 
[info] 
[info] Visit this URL on this device to log in:
[info] https://accounts.google.com/o/oauth2/auth?client_id=563584335869-fgrhgmd47bqnekij5i8b5pr03ho849e6.apps.googleusercontent.com&scope=email%20openid%20https%3A%2F%2Fwww.googleapis.com%2Fauth%2Fcloudplatformprojects.readonly%20https%3A%2F%2Fwww.googleapis.com%2Fauth%2Ffirebase%20https%3A%2F%2Fwww.googleapis.com%2Fauth%2Fcloud-platform&response_type=code&state=732673998&redirect_uri=http%3A%2F%2Flocalhost%3A9005&login_hint=firebase.sung%40gmail.com
[info] 
[info] Waiting for authentication...
